2021-06-26 12:40:41 info: XVBA Live Server extension is now active!
2021-06-26 12:40:41 debug: Start Watch Excel Export VBA Files
2021-06-26 12:40:41 debug: Start Run Macro Server
2021-06-26 12:40:41 info: XVBA Ribbon Starts
2021-06-26 12:43:19 debug: Get Treeview Item
2021-06-26 12:43:46 debug: Get Treeview Item
2021-06-26 12:43:49 debug: Start watch vba files change on folder: vba-files  [Live Server]
2021-06-26 12:43:49 debug: Start watch vba files change on folder: xvba_modules  [Live Server]
2021-06-26 12:43:49 info: Start XVBA Live Server!
2021-06-26 12:43:49 debug: Start watch vba files change on folder: xvba_unit_test  [Live Server]
2021-06-26 12:44:02 debug: Start watch vba files change on folder: vba-files  [Live Server]
2021-06-26 12:44:02 debug: Start watch vba files change on folder: xvba_modules  [Live Server]
2021-06-26 12:44:02 info: Start XVBA Live Server!
2021-06-26 12:44:02 debug: Start watch vba files change on folder: xvba_unit_test  [Live Server]
2021-06-26 12:44:20 debug: Get Treeview Item
2021-06-26 12:44:32 debug: Get Treeview Item
2021-06-26 12:45:46 debug: Close Watch Excel Export VBA Files
2021-06-26 12:45:47 info: XVBA Live Server extension is now active!
2021-06-26 12:45:47 debug: Start Watch Excel Export VBA Files
2021-06-26 12:45:47 debug: Start Run Macro Server
2021-06-26 12:59:07 debug: Get Treeview Item
2021-06-26 13:06:04 debug: Get Treeview Item
2021-06-26 13:20:43 debug: Close Watch Excel Export VBA Files
